[    0.000000] Linux version 4.15.0-142-generic (buildd@lgw01-amd64-036) (gcc version 7.5.0 (Ubuntu 7.5.0-3ubuntu1~18.04)) #146-Ubuntu SMP Tue Apr 13 01:11:19 UTC 2021 (Ubuntu 4.15.0-142.146-generic 4.15.18)
[    0.000000] Command line: BOOT_IMAGE=/boot/vmlinuz-4.15.0-142-generic root=LABEL=cloudimg-rootfs ro console=tty1 console=ttyS0
[    0.000000] KERNEL supported cpus:
[    0.000000]   Intel GenuineIntel
[    0.000000]   AMD AuthenticAMD
[    0.000000]   Centaur CentaurHauls
[    0.000000] x86/fpu: Supporting XSAVE feature 0x001: 'x87 floating point registers'
[    0.000000] x86/fpu: Supporting XSAVE feature 0x002: 'SSE registers'
[    0.000000] x86/fpu: Supporting XSAVE feature 0x004: 'AVX registers'
[    0.000000] x86/fpu: xstate_offset[2]:  576, xstate_sizes[2]:  256
[    0.000000] x86/fpu: Enabled xstate features 0x7, context size is 832 bytes, using 'standard' format.
[    0.000000] e820: BIOS-provided physical RAM map:
[    0.000000] BIOS-e820: [mem 0x0000000000000000-0x000000000009fbff] usable
[    0.000000] BIOS-e820: [mem 0x000000000009fc00-0x000000000009ffff] reserved
[    0.000000] BIOS-e820: [mem 0x00000000000f0000-0x00000000000fffff] reserved
[    0.000000] BIOS-e820: [mem 0x0000000000100000-0x000000003ffeffff] usable
[    0.000000] BIOS-e820: [mem 0x000000003fff0000-0x000000003fffffff] ACPI data
[    0.000000] BIOS-e820: [mem 0x00000000fec00000-0x00000000fec00fff] reserved
[    0.000000] BIOS-e820: [mem 0x00000000fee00000-0x00000000fee00fff] reserved
[    0.000000] BIOS-e820: [mem 0x00000000fffc0000-0x00000000ffffffff] reserved
[    0.000000] NX (Execute Disable) protection: active
[    0.000000] SMBIOS 2.5 present.
[    0.000000] DMI: innotek GmbH VirtualBox/VirtualBox, BIOS VirtualBox 12/01/2006
[    0.000000] Hypervisor detected: KVM
[    0.000000] e820: last_pfn = 0x3fff0 max_arch_pfn = 0x400000000
[    0.000000] MTRR: Disabled
[    0.000000] x86/PAT: MTRRs disabled, skipping PAT initialization too.
[    0.000000] CPU MTRRs all blank - virtualized system.
[    0.000000] x86/PAT: Configuration [0-7]: WB  WT  UC- UC  WB  WT  UC- UC  
[    0.000000] found SMP MP-table at [mem 0x0009fff0-0x0009ffff]
[    0.000000] Scanning 1 areas for low memory corruption
[    0.000000] RAMDISK: [mem 0x359cf000-0x36cdefff]
[    0.000000] ACPI: Early table checksum verification disabled
[    0.000000] ACPI: RSDP 0x00000000000E0000 000024 (v02 VBOX  )
[    0.000000] ACPI: XSDT 0x000000003FFF0030 00003C (v01 VBOX   VBOXXSDT 00000001 ASL  00000061)
[    0.000000] ACPI: FACP 0x000000003FFF00F0 0000F4 (v04 VBOX   VBOXFACP 00000001 ASL  00000061)
[    0.000000] ACPI: DSDT 0x000000003FFF0470 002325 (v02 VBOX   VBOXBIOS 00000002 INTL 20100528)
[    0.000000] ACPI: FACS 0x000000003FFF0200 000040
[    0.000000] ACPI: FACS 0x000000003FFF0200 000040
[    0.000000] ACPI: APIC 0x000000003FFF0240 000054 (v02 VBOX   VBOXAPIC 00000001 ASL  00000061)
[    0.000000] ACPI: SSDT 0x000000003FFF02A0 0001CC (v01 VBOX   VBOXCPUT 00000002 INTL 20100528)
[    0.000000] No NUMA configuration found
[    0.000000] Faking a node at [mem 0x0000000000000000-0x000000003ffeffff]
[    0.000000] NODE_DATA(0) allocated [mem 0x3ffc5000-0x3ffeffff]
[    0.000000] kvm-clock: cpu 0, msr 0:3ff44001, primary cpu clock
[    0.000000] kvm-clock: Using msrs 4b564d01 and 4b564d00
[    0.000000] kvm-clock: using sched offset of 4854968810 cycles
[    0.000000] clocksource: kvm-clock: mask: 0xffffffffffffffff max_cycles: 0x1cd42e4dffb, max_idle_ns: 881590591483 ns
[    0.000000] Zone ranges:
[    0.000000]   DMA      [mem 0x0000000000001000-0x0000000000ffffff]
[    0.000000]   DMA32    [mem 0x0000000001000000-0x000000003ffeffff]
[    0.000000]   Normal   empty
[    0.000000]   Device   empty
[    0.000000] Movable zone start for each node
[    0.000000] Early memory node ranges
[    0.000000]   node   0: [mem 0x0000000000001000-0x000000000009efff]
[    0.000000]   node   0: [mem 0x0000000000100000-0x000000003ffeffff]
[    0.000000] Reserved but unavailable: 98 pages
[    0.000000] Initmem setup node 0 [mem 0x0000000000001000-0x000000003ffeffff]
[    0.000000] ACPI: PM-Timer IO Port: 0x4008
[    0.000000] IOAPIC[0]: apic_id 1, version 32, address 0xfec00000, GSI 0-23
[    0.000000] ACPI: INT_SRC_OVR (bus 0 bus_irq 0 global_irq 2 dfl dfl)
[    0.000000] ACPI: INT_SRC_OVR (bus 0 bus_irq 9 global_irq 9 low level)
[    0.000000] Using ACPI (MADT) for SMP configuration information
[    0.000000] smpboot: Allowing 1 CPUs, 0 hotplug CPUs
[    0.000000] PM: Registered nosave memory: [mem 0x00000000-0x00000fff]
[    0.000000] PM: Registered nosave memory: [mem 0x0009f000-0x0009ffff]
[    0.000000] PM: Registered nosave memory: [mem 0x000a0000-0x000effff]
[    0.000000] PM: Registered nosave memory: [mem 0x000f0000-0x000fffff]
[    0.000000] e820: [mem 0x40000000-0xfebfffff] available for PCI devices
[    0.000000] Booting paravirtualized kernel on KVM
[    0.000000] clocksource: refined-jiffies: mask: 0xffffffff max_cycles: 0xffffffff, max_idle_ns: 7645519600211568 ns
[    0.000000] random: get_random_bytes called from start_kernel+0x99/0x500 with crng_init=0
[    0.000000] setup_percpu: NR_CPUS:8192 nr_cpumask_bits:1 nr_cpu_ids:1 nr_node_ids:1
[    0.000000] percpu: Embedded 45 pages/cpu s147456 r8192 d28672 u2097152
[    0.000000] PV qspinlock hash table entries: 256 (order: 0, 4096 bytes)
[    0.000000] Built 1 zonelists, mobility grouping on.  Total pages: 257913
[    0.000000] Policy zone: DMA32
[    0.000000] Kernel command line: BOOT_IMAGE=/boot/vmlinuz-4.15.0-142-generic root=LABEL=cloudimg-rootfs ro console=tty1 console=ttyS0
[    0.000000] Memory: 982900K/1048120K available (12300K kernel code, 2483K rwdata, 4316K rodata, 2444K init, 2724K bss, 65220K reserved, 0K cma-reserved)
[    0.000000] SLUB: HWalign=64, Order=0-3, MinObjects=0, CPUs=1, Nodes=1
[    0.000000] ftrace: allocating 39434 entries in 155 pages
[    0.004000] Hierarchical RCU implementation.
[    0.004000] 	RCU restricting CPUs from NR_CPUS=8192 to nr_cpu_ids=1.
[    0.004000] 	Tasks RCU enabled.
[    0.004000] RCU: Adjusting geometry for rcu_fanout_leaf=16, nr_cpu_ids=1
[    0.004000] NR_IRQS: 524544, nr_irqs: 256, preallocated irqs: 16
[    0.004000] Console: colour VGA+ 80x25
[    0.004000] console [tty1] enabled
[    0.004000] console [ttyS0] enabled
[    0.004000] ACPI: Core revision 20170831
[    0.004000] ACPI: 2 ACPI AML tables successfully acquired and loaded
[    0.004000] APIC: Switch to symmetric I/O mode setup
[    0.004000] x2apic enabled
[    0.004000] Switched APIC routing to physical x2apic.
[    0.004000] ..TIMER: vector=0x30 apic1=0 pin1=2 apic2=-1 pin2=-1
[    0.004004] tsc: Detected 1896.001 MHz processor
[    0.004607] Calibrating delay loop (skipped) preset value.. 3792.00 BogoMIPS (lpj=7584004)
[    0.005374] pid_max: default: 32768 minimum: 301
[    0.006235] Security Framework initialized
[    0.008003] Yama: becoming mindful.
[    0.008581] AppArmor: AppArmor initialized
[    0.009289] Dentry cache hash table entries: 131072 (order: 8, 1048576 bytes)
[    0.010674] Inode-cache hash table entries: 65536 (order: 7, 524288 bytes)
[    0.012011] Mount-cache hash table entries: 2048 (order: 2, 16384 bytes)
[    0.013068] Mountpoint-cache hash table entries: 2048 (order: 2, 16384 bytes)
[    0.014163] process: using mwait in idle threads
[    0.016005] Last level iTLB entries: 4KB 64, 2MB 8, 4MB 8
[    0.016670] Last level dTLB entries: 4KB 64, 2MB 0, 4MB 0, 1GB 4
[    0.017488] Spectre V1 : Mitigation: usercopy/swapgs barriers and __user pointer sanitization
[    0.018597] Spectre V2 : Mitigation: Full generic retpoline
[    0.019313] Spectre V2 : Spectre v2 / SpectreRSB mitigation: Filling RSB on context switch
[    0.020002] Speculative Store Bypass: Vulnerable
[    0.020725] TAA: Mitigation: TSX disabled
[    0.021404] SRBDS: Mitigation: TSX disabled
[    0.033129] Freeing SMP alternatives memory: 36K
[    0.143405] smpboot: CPU0: Intel(R) Core(TM) i5-8365U CPU @ 1.60GHz (family: 0x6, model: 0x8e, stepping: 0xc)
[    0.144000] Performance Events: unsupported p6 CPU model 142 no PMU driver, software events only.
[    0.144000] Hierarchical SRCU implementation.
[    0.144592] NMI watchdog: Perf event create on CPU 0 failed with -2
[    0.145374] NMI watchdog: Perf NMI watchdog permanently disabled
[    0.146146] smp: Bringing up secondary CPUs ...
[    0.146940] smp: Brought up 1 node, 1 CPU
[    0.148004] smpboot: Max logical packages: 1
[    0.148862] smpboot: Total of 1 processors activated (3792.00 BogoMIPS)
[    0.150139] devtmpfs: initialized
[    0.150827] x86/mm: Memory block size: 128MB
[    0.151539] evm: security.selinux
[    0.152005] evm: security.SMACK64
[    0.152556] evm: security.SMACK64EXEC
[    0.153167] evm: security.SMACK64TRANSMUTE
[    0.154241] evm: security.SMACK64MMAP
[    0.154935] evm: security.apparmor
[    0.155567] evm: security.ima
[    0.156004] evm: security.capability
[    0.157047] clocksource: jiffies: mask: 0xffffffff max_cycles: 0xffffffff, max_idle_ns: 7645041785100000 ns
[    0.159240] futex hash table entries: 256 (order: 2, 16384 bytes)
[    0.160082] pinctrl core: initialized pinctrl subsystem
[    0.161011] RTC time: 19:20:17, date: 04/27/21
[    0.161826] NET: Registered protocol family 16
[    0.162612] audit: initializing netlink subsys (disabled)
[    0.164220] cpuidle: using governor ladder
[    0.164944] cpuidle: using governor menu
[    0.165652] ACPI: bus type PCI registered
[    0.166361] acpiphp: ACPI Hot Plug PCI Controller Driver version: 0.5
[    0.168019] audit: type=2000 audit(1619551223.791:1): state=initialized audit_enabled=0 res=1
[    0.169493] PCI: Using configuration type 1 for base access
[    0.171807] HugeTLB registered 2.00 MiB page size, pre-allocated 0 pages
[    0.176182] ACPI: Added _OSI(Module Device)
[    0.177623] ACPI: Added _OSI(Processor Device)
[    0.178873] ACPI: Added _OSI(3.0 _SCP Extensions)
[    0.180017] ACPI: Added _OSI(Processor Aggregator Device)
[    0.181119] ACPI: Added _OSI(Linux-Dell-Video)
[    0.181976] ACPI: Added _OSI(Linux-Lenovo-NV-HDMI-Audio)
[    0.182928] ACPI: Added _OSI(Linux-HPI-Hybrid-Graphics)
[    0.184335] ACPI: Executed 1 blocks of module-level executable AML code
[    0.189282] ACPI: Interpreter enabled
[    0.190153] ACPI: (supports S0 S5)
[    0.190796] ACPI: Using IOAPIC for interrupt routing
[    0.191959] PCI: Using host bridge windows from ACPI; if necessary, use "pci=nocrs" and report a bug
[    0.192158] ACPI: Enabled 2 GPEs in block 00 to 07
[    0.199912] ACPI: PCI Root Bridge [PCI0] (domain 0000 [bus 00-ff])
[    0.200021] acpi PNP0A03:00: _OSC: OS supports [ASPM ClockPM Segments MSI]
[    0.201795] acpi PNP0A03:00: _OSC: not requesting OS control; OS requires [ExtendedConfig ASPM ClockPM MSI]
[    0.204029] acpi PNP0A03:00: fail to add MMCONFIG information, can't access extended PCI configuration space under this bridge.
[    0.208510] PCI host bridge to bus 0000:00
[    0.209215] pci_bus 0000:00: root bus resource [io  0x0000-0x0cf7 window]
[    0.210278] pci_bus 0000:00: root bus resource [io  0x0d00-0xffff window]
[    0.211593] pci_bus 0000:00: root bus resource [mem 0x000a0000-0x000bffff window]
[    0.212016] pci_bus 0000:00: root bus resource [mem 0x40000000-0xfdffffff window]
[    0.213339] pci_bus 0000:00: root bus resource [bus 00-ff]
[    0.217877] pci 0000:00:01.1: legacy IDE quirk: reg 0x10: [io  0x01f0-0x01f7]
[    0.219169] pci 0000:00:01.1: legacy IDE quirk: reg 0x14: [io  0x03f6]
[    0.220014] pci 0000:00:01.1: legacy IDE quirk: reg 0x18: [io  0x0170-0x0177]
[    0.221563] pci 0000:00:01.1: legacy IDE quirk: reg 0x1c: [io  0x0376]
[    0.246405] pci 0000:00:07.0: quirk: [io  0x4000-0x403f] claimed by PIIX4 ACPI
[    0.248009] pci 0000:00:07.0: quirk: [io  0x4100-0x410f] claimed by PIIX4 SMB
[    0.258359] ACPI: PCI Interrupt Link [LNKA] (IRQs 5 9 10 *11)
[    0.260131] ACPI: PCI Interrupt Link [LNKB] (IRQs 5 9 *10 11)
[    0.261548] ACPI: PCI Interrupt Link [LNKC] (IRQs 5 *9 10 11)
[    0.262792] ACPI: PCI Interrupt Link [LNKD] (IRQs 5 9 10 *11)
[    0.264459] SCSI subsystem initialized
[    0.265490] pci 0000:00:02.0: vgaarb: setting as boot VGA device
[    0.267018] pci 0000:00:02.0: vgaarb: VGA device added: decodes=io+mem,owns=io+mem,locks=none
[    0.268009] pci 0000:00:02.0: vgaarb: bridge control possible
[    0.269511] vgaarb: loaded
[    0.270485] ACPI: bus type USB registered
[    0.272067] usbcore: registered new interface driver usbfs
[    0.273404] usbcore: registered new interface driver hub
[    0.274801] usbcore: registered new device driver usb
[    0.276269] EDAC MC: Ver: 3.0.0
[    0.277581] PCI: Using ACPI for IRQ routing
[    0.280018] NetLabel: Initializing
[    0.280667] NetLabel:  domain hash size = 128
[    0.281448] NetLabel:  protocols = UNLABELED CIPSOv4 CALIPSO
[    0.282515] NetLabel:  unlabeled traffic allowed by default
[    0.284184] clocksource: Switched to clocksource kvm-clock
[    0.309385] VFS: Disk quotas dquot_6.6.0
[    0.310583] VFS: Dquot-cache hash table entries: 512 (order 0, 4096 bytes)
[    0.312295] AppArmor: AppArmor Filesystem Enabled
[    0.313993] pnp: PnP ACPI init
[    0.316779] pnp: PnP ACPI: found 3 devices
[    0.324096] clocksource: acpi_pm: mask: 0xffffff max_cycles: 0xffffff, max_idle_ns: 2085701024 ns
[    0.327000] NET: Registered protocol family 2
[    0.328762] TCP established hash table entries: 8192 (order: 4, 65536 bytes)
[    0.330482] TCP bind hash table entries: 8192 (order: 5, 131072 bytes)
[    0.332605] TCP: Hash tables configured (established 8192 bind 8192)
[    0.334496] UDP hash table entries: 512 (order: 2, 16384 bytes)
[    0.335958] UDP-Lite hash table entries: 512 (order: 2, 16384 bytes)
[    0.337666] NET: Registered protocol family 1
[    0.338617] pci 0000:00:00.0: Limiting direct PCI/PCI transfers
[    0.339943] pci 0000:00:01.0: Activating ISA DMA hang workarounds
[    0.341145] pci 0000:00:02.0: Video device with shadowed ROM at [mem 0x000c0000-0x000dffff]
[    0.342740] Unpacking initramfs...
[    0.684197] Freeing initrd memory: 19520K
[    0.684983] clocksource: tsc: mask: 0xffffffffffffffff max_cycles: 0x36a8d4a2582, max_idle_ns: 881590642256 ns
[    0.687207] platform rtc_cmos: registered platform RTC device (no PNP device found)
[    0.688369] Scanning for low memory corruption every 60 seconds
[    0.689622] Initialise system trusted keyrings
[    0.690332] Key type blacklist registered
[    0.691158] workingset: timestamp_bits=36 max_order=18 bucket_order=0
[    0.693000] zbud: loaded
[    0.693789] squashfs: version 4.0 (2009/01/31) Phillip Lougher
[    0.694743] fuse init (API version 7.26)
[    0.695957] Key type asymmetric registered
[    0.696829] Asymmetric key parser 'x509' registered
[    0.697918] Block layer SCSI generic (bsg) driver version 0.4 loaded (major 246)
[    0.700166] io scheduler noop registered
[    0.715582] io scheduler deadline registered
[    0.716472] io scheduler cfq registered (default)
[    0.717594] ACPI: AC Adapter [AC] (on-line)
[    0.718321] input: Power Button as /devices/LNXSYSTM:00/LNXPWRBN:00/input/input0
[    0.719549] ACPI: Power Button [PWRF]
[    0.720336] input: Sleep Button as /devices/LNXSYSTM:00/LNXSLPBN:00/input/input1
[    0.721653] ACPI: Sleep Button [SLPF]
[    0.723060] ACPI: Battery Slot [BAT0] (battery present)
[    0.724029] Serial: 8250/16550 driver, 32 ports, IRQ sharing enabled
[    0.745713] 00:02: ttyS0 at I/O 0x3f8 (irq = 4, base_baud = 115200) is a 16550A
[    0.747814] Linux agpgart interface v0.103
[    0.749181] loop: module loaded
[    0.750171] scsi host0: ata_piix
[    0.750955] scsi host1: ata_piix
[    0.751529] ata1: PATA max UDMA/33 cmd 0x1f0 ctl 0x3f6 bmdma 0xd000 irq 14
[    0.752807] ata2: PATA max UDMA/33 cmd 0x170 ctl 0x376 bmdma 0xd008 irq 15
[    0.754274] libphy: Fixed MDIO Bus: probed
[    0.754907] tun: Universal TUN/TAP device driver, 1.6
[    0.755850] PPP generic driver version 2.4.2
[    0.756587] ehci_hcd: USB 2.0 'Enhanced' Host Controller (EHCI) Driver
[    0.757710] ehci-pci: EHCI PCI platform driver
[    0.758385] ehci-platform: EHCI generic platform driver
[    0.759162] ohci_hcd: USB 1.1 'Open' Host Controller (OHCI) Driver
[    0.760160] ohci-pci: OHCI PCI platform driver
[    0.760856] ohci-platform: OHCI generic platform driver
[    0.761646] uhci_hcd: USB Universal Host Controller Interface driver
[    0.762693] i8042: PNP: PS/2 Controller [PNP0303:PS2K,PNP0f03:PS2M] at 0x60,0x64 irq 1,12
[    0.764476] serio: i8042 KBD port at 0x60,0x64 irq 1
[    0.765332] serio: i8042 AUX port at 0x60,0x64 irq 12
[    0.766200] mousedev: PS/2 mouse device common for all mice
[    0.767653] input: AT Translated Set 2 keyboard as /devices/platform/i8042/serio0/input/input2
[    0.769388] rtc_cmos rtc_cmos: rtc core: registered rtc_cmos as rtc0
[    0.770303] rtc_cmos rtc_cmos: alarms up to one day, 114 bytes nvram
[    0.771341] i2c /dev entries driver
[    0.771982] device-mapper: uevent: version 1.0.3
[    0.772797] device-mapper: ioctl: 4.37.0-ioctl (2017-09-20) initialised: dm-devel@redhat.com
[    0.774234] ledtrig-cpu: registered to indicate activity on CPUs
[    0.775304] intel_pmc_core:  initialized
[    0.775993] NET: Registered protocol family 10
[    0.781091] Segment Routing with IPv6
[    0.781899] NET: Registered protocol family 17
[    0.783093] Key type dns_resolver registered
[    0.784062] mce: Using 0 MCE banks
[    0.784598] RAS: Correctable Errors collector initialized.
[    0.785364] sched_clock: Marking stable (784575492, 0)->(947663108, -163087616)
[    0.786520] registered taskstats version 1
[    0.787260] Loading compiled-in X.509 certificates
[    0.789545] Loaded X.509 cert 'Build time autogenerated kernel key: 028139f94c642d40642d50ab098c4e7b0aebaa81'
[    0.791412] Loaded X.509 cert 'Canonical Ltd. Live Patch Signing: 14df34d1a87cf37625abec039ef2bf521249b969'
[    0.793666] Loaded X.509 cert 'Canonical Ltd. Kernel Module Signing: 88f752e560a1e0737e31163a466ad7b70a850c19'
[    0.795078] zswap: loaded using pool lzo/zbud
[    0.797649] Key type big_key registered
[    0.798248] Key type trusted registered
[    0.799749] Key type encrypted registered
[    0.800374] AppArmor: AppArmor sha1 policy hashing enabled
[    0.801147] ima: No TPM chip found, activating TPM-bypass! (rc=-19)
[    0.802005] ima: Allocated hash algorithm: sha1
[    0.802663] evm: HMAC attrs: 0x1
[    0.803431]   Magic number: 1:305:345
[    0.804189] tty tty62: hash matches
[    0.804876] rtc_cmos rtc_cmos: setting system clock to 2021-04-27 19:20:17 UTC (1619551217)
[    0.806090] BIOS EDD facility v0.16 2004-Jun-25, 0 devices found
[    0.806849] EDD information not available.
[    0.940683] Freeing unused kernel image memory: 2444K
[    0.948803] Write protecting the kernel read-only data: 20480k
[    0.950895] Freeing unused kernel image memory: 2008K
[    0.953881] Freeing unused kernel image memory: 1828K
[    0.966174] x86/mm: Checked W+X mappings: passed, no W+X pages found.
Loading, please wait...
starting version 237
[    1.038172] e1000: Intel(R) PRO/1000 Network Driver - version 7.3.21-k8-NAPI
[    1.039262] e1000: Copyright (c) 1999-2006 Intel Corporation.
[    1.043335] Fusion MPT base driver 3.04.20
[    1.044022] Copyright (c) 1999-2008 LSI Corporation
[    1.059723] Fusion MPT SPI Host driver 3.04.20
[    1.076602] AVX2 version of gcm_enc/dec engaged.
[    1.077691] AES CTR mode by8 optimization enabled
[    1.257131] input: ImExPS/2 Generic Explorer Mouse as /devices/platform/i8042/serio1/input/input4
[    1.450324] e1000 0000:00:03.0 eth0: (PCI:33MHz:32-bit) 02:f3:7b:02:da:50
[    1.452554] e1000 0000:00:03.0 eth0: Intel(R) PRO/1000 Network Connection
[    1.457145] e1000 0000:00:03.0 enp0s3: renamed from eth0
[    1.460960] mptbase: ioc0: Initiating bringup
[    1.556694] ioc0: LSI53C1030 A0: Capabilities={Initiator}
[    1.796826] scsi host2: ioc0: LSI53C1030 A0, FwRev=00000000h, Ports=1, MaxQ=256, IRQ=20
[    1.965429] scsi 2:0:0:0: Direct-Access     VBOX     HARDDISK         1.0  PQ: 0 ANSI: 5
[    1.967628] scsi target2:0:0: Beginning Domain Validation
[    1.971551] scsi target2:0:0: Domain Validation skipping write tests
[    1.973106] scsi target2:0:0: Ending Domain Validation
[    1.974828] scsi target2:0:0: asynchronous
[    1.976271] scsi 2:0:1:0: Direct-Access     VBOX     HARDDISK         1.0  PQ: 0 ANSI: 5
[    1.977933] scsi target2:0:1: Beginning Domain Validation
[    1.979067] random: fast init done
[    1.980729] scsi target2:0:1: Domain Validation skipping write tests
[    1.981794] scsi target2:0:1: Ending Domain Validation
[    1.982791] scsi target2:0:1: asynchronous
[    1.988714] random: systemd-udevd: uninitialized urandom read (16 bytes read)
[    1.990111] random: systemd-udevd: uninitialized urandom read (16 bytes read)
[    1.991970] random: systemd-udevd: uninitialized urandom read (16 bytes read)
[    1.993718] sd 2:0:0:0: Attached scsi generic sg0 type 0
[    1.994589] sd 2:0:0:0: [sda] 83886080 512-byte logical blocks: (42.9 GB/40.0 GiB)
[    1.995759] sd 2:0:0:0: [sda] Write Protect is off
[    1.997091] sd 2:0:0:0: [sda] Incomplete mode parameter data
[    1.998017] sd 2:0:0:0: [sda] Assuming drive cache: write through
[    1.999273] sd 2:0:1:0: Attached scsi generic sg1 type 0
[    2.000263] sd 2:0:1:0: [sdb] 20480 512-byte logical blocks: (10.5 MB/10.0 MiB)
[    2.001873] sd 2:0:1:0: [sdb] Write Protect is off
[    2.002671] sd 2:0:1:0: [sdb] Incomplete mode parameter data
[    2.003869] sd 2:0:1:0: [sdb] Assuming drive cache: write through
[    2.009159]  sda: sda1
[    2.010966] sd 2:0:0:0: [sda] Attached SCSI disk
[    2.012498] sd 2:0:1:0: [sdb] Attached SCSI disk
Begin: Loading essential drivers ... [    3.452078] raid6: sse2x1   gen()  9895 MB/s
[    3.500107] raid6: sse2x1   xor()  5127 MB/s
[    3.548125] raid6: sse2x2   gen()  6456 MB/s
[    3.596272] raid6: sse2x2   xor()  6213 MB/s
[    3.644064] raid6: sse2x4   gen() 11545 MB/s
[    3.692089] raid6: sse2x4   xor()  7293 MB/s
[    3.740128] raid6: avx2x1   gen() 19137 MB/s
[    3.788333] raid6: avx2x1   xor() 13171 MB/s
[    3.836055] raid6: avx2x2   gen() 23958 MB/s
[    3.884085] raid6: avx2x2   xor() 15895 MB/s
[    3.932082] raid6: avx2x4   gen() 17648 MB/s
[    3.980088] raid6: avx2x4   xor() 10946 MB/s
[    3.981010] raid6: using algorithm avx2x2 gen() 23958 MB/s
[    3.981917] raid6: .... xor() 15895 MB/s, rmw enabled
[    3.982744] raid6: using avx2x2 recovery algorithm
[    3.985574] xor: automatically using best checksumming function   avx       
[    3.989007] async_tx: api initialized (async)
done.
Begin: Running /scripts/init-premount ... done.
Begin: Mounting root file system ... Begin: Running /scripts/local-top ... done.
Begin: Running /scripts/local-premount ... [    4.047126] Btrfs loaded, crc32c=crc32c-intel
Scanning for Btrfs filesystems
done.
Warning: fsck not present, so skipping root file system
[    4.071153] EXT4-fs (sda1): mounted filesystem with ordered data mode. Opts: (null)
done.
Begin: Running /scripts/local-bottom ... done.
Begin: Running /scripts/init-bottom ... done.
[    4.210737] ip_tables: (C) 2000-2006 Netfilter Core Team
[    4.217778] systemd[1]: systemd 237 running in system mode. (+PAM +AUDIT +SELINUX +IMA +APPARMOR +SMACK +SYSVINIT +UTMP +LIBCRYPTSETUP +GCRYPT +GNUTLS +ACL +XZ +LZ4 +SECCOMP +BLKID +ELFUTILS +KMOD -IDN2 +IDN -PCRE2 default-hierarchy=hybrid)
[    4.222473] systemd[1]: Detected virtualization oracle.
[    4.223759] systemd[1]: Detected architecture x86-64.

Welcome to [1mUbuntu 18.04.5 LTS[0m!

[    4.227715] systemd[1]: Set hostname to <ubuntu>.
[    4.230909] systemd[1]: Initializing machine ID from random generator.
[    4.232177] systemd[1]: Installed transient /etc/machine-id file.
[    4.474639] systemd[1]: Reached target Swap.
[[0;32m  OK  [0m] Reached target Swap.
[    4.484634] systemd[1]: Set up automount Arbitrary Executable File Formats File System Automount Point.
[[0;32m  OK  [0m] Set up automount Arbitrary Executab…rmats File System Automount Point.
[    4.496569] systemd[1]: Created slice User and Session Slice.
[[0;32m  OK  [0m] Created slice User and Session Slice.
[    4.508614] systemd[1]: Reached target User and Group Name Lookups.
[[0;32m  OK  [0m] Reached target User and Group Name Lookups.
[[0;32m  OK  [0m] Started Forward Password Requests to Wall Directory Watch.
[[0;32m  OK  [0m] Reached target System Time Synchronized.
[[0;32m  OK  [0m] Created slice System Slice.
[[0;32m  OK  [0m] Listening on udev Kernel Socket.
[[0;32m  OK  [0m] Listening on Journal Audit Socket.
[[0;32m  OK  [0m] Listening on fsck to fsckd communication Socket.
[[0;32m  OK  [0m] Created slice system-serial\x2dgetty.slice.
[[0;32m  OK  [0m] Listening on Journal Socket (/dev/log).
[[0;32m  OK  [0m] Listening on /dev/initctl Compatibility Named Pipe.
[[0;32m  OK  [0m] Listening on udev Control Socket.
[[0;32m  OK  [0m] Reached target Slices.
[[0;32m  OK  [0m] Listening on Device-mapper event daemon FIFOs.
[[0;32m  OK  [0m] Listening on Journal Socket.
         Starting Load Kernel Modules...
         Starting Set the console keyboard layout...
[    4.602351] Loading iSCSI transport class v2.0-870.
[    4.607593] iscsi: registered transport (tcp)
         Starting Uncomplicated firewall...
         Mounting Huge Pages File System...
         Starting File System Check on Root Device...
         Starting Create list of required st…ce nodes for the current kernel...
[    4.651235] iscsi: registered transport (iser)
[[0;32m  OK  [0m] Listening on Syslog Socket.
         Starting Journal Service...
         Mounting POSIX Message Queue File System...
[[0;32m  OK  [0m] Listening on LVM2 poll daemon socket.
         Mounting Kernel Debug File System...
         Starting udev Coldplug all Devices...
[[0;32m  OK  [0m] Listening on LVM2 metadata daemon socket.
[[0;32m  OK  [0m] Listening on Network Service Netlink Socket.
         Starting Monitoring of LVM2 mirrors…ng dmeventd or progress polling...
[[0;32m  OK  [0m] Started Journal Service.
[[0;32m  OK  [0m] Started Load Kernel Modules.
[[0;32m  OK  [0m] Started Uncomplicated firewall.
[[0;32m  OK  [0m] Mounted Huge Pages File System.
[[0;32m  OK  [0m] Started Create list of required sta…vice nodes for the current kernel.
[[0;32m  OK  [0m] Mounted POSIX Message Queue File System.
[[0;32m  OK  [0m] Mounted Kernel Debug File System.
[[0;32m  OK  [0m] Started File System Check Daemon to report status.
         Starting Create Static Device Nodes in /dev...
         Mounting FUSE Control File System...
         Starting Apply Kernel Variables...
         Mounting Kernel Configuration File System...
[[0;32m  OK  [0m] Started File System Check on Root Device.
[[0;32m  OK  [0m] Mounted FUSE Control File System.
[[0;32m  OK  [0m] Started Create Static Device Nodes in /dev.
[[0;32m  OK  [0m] Mounted Kernel Configuration File System.
[[0;32m  OK  [0m] Started LVM2 metadata daemon.
         Starting Remount Root and Kernel File Systems...
[[0;32m  OK  [0m] Started Apply Kernel Variables.
[[0;32m  OK  [0m] Started udev Coldplug all Devices.
[[0;32m  OK  [0m] Started Monitoring of LVM2 mirrors,…sing dmeventd or progress polling.
[[0;32m  OK  [0m] Started Remount Root and Kernel File Systems.
         Starting Load/Save Random Seed...
         Starting udev Kernel Device Manager...
         Starting Flush Journal to Persistent Storage...
[[0;32m  OK  [0m] Started Set the console keyboard layout.
[[0;32m  OK  [0m] Started Load/Save Random Seed.
[[0;32m  OK  [0m] Reached target Local File Systems (Pre).
[[0;32m  OK  [0m] Reached target Local File Systems.
         Starting Commit a transient machine-id on disk...
         Starting Tell Plymouth To Write Out Runtime Data...
         Starting Set console font and keymap...
         Starting ebtables ruleset management...
         Starting AppArmor initialization...
[[0;32m  OK  [0m] Started udev Kernel Device Manager.
[[0;32m  OK  [0m] Started Dispatch Password Requests to Console Directory Watch.
[[0;32m  OK  [0m] Reached target Local Encrypted Volumes.
[[0;32m  OK  [0m] Started Tell Plymouth To Write Out Runtime Data.
[[0;32m  OK  [0m] Started Set console font and keymap.
[[0;32m  OK  [0m] Started Commit a transient machine-id on disk.
[[0;32m  OK  [0m] Started Flush Journal to Persistent Storage.
         Starting Create Volatile Files and Directories...
[[0;32m  OK  [0m] Started Create Volatile Files and Directories.
         Starting Update UTMP about System Boot/Shutdown...
[[0;32m  OK  [0m] Started ebtables ruleset management.
[[0;32m  OK  [0m] Started Update UTMP about System Boot/Shutdown.
[[0;32m  OK  [0m] Found device /dev/ttyS0.
[[0;32m  OK  [0m] Listening on Load/Save RF Kill Switch Status /dev/rfkill Watch.
[[0;32m  OK  [0m] Started AppArmor initialization.
         Starting Load AppArmor profiles managed internally by snapd...
         Starting Initial cloud-init job (pre-networking)...
[[0;32m  OK  [0m] Started Load AppArmor profiles managed internally by snapd.
[    7.658011] cloud-init[567]: Cloud-init v. 21.1-19-gbad84ad4-0ubuntu1~18.04.1 running 'init-local' at Tue, 27 Apr 2021 19:20:23 +0000. Up 7.29 seconds.
[[0;32m  OK  [0m] Started Initial cloud-init job (pre-networking).
[[0;32m  OK  [0m] Reached target Network (Pre).
         Starting Network Service...
[[0;32m  OK  [0m] Started Network Service.
         Starting Wait for Network to be Configured...
         Starting Network Name Resolution...
[[0;32m  OK  [0m] Started Network Name Resolution.
[[0;32m  OK  [0m] Reached target Host and Network Name Lookups.
[[0;32m  OK  [0m] Reached target Network.
[[0;32m  OK  [0m] Started Wait for Network to be Configured.
         Starting Initial cloud-init job (metadata service crawler)...
[   10.234113] cloud-init[654]: Cloud-init v. 21.1-19-gbad84ad4-0ubuntu1~18.04.1 running 'init' at Tue, 27 Apr 2021 19:20:26 +0000. Up 10.08 seconds.
[   10.235627] cloud-init[654]: ci-info: ++++++++++++++++++++++++++++++++++++++Net device info++++++++++++++++++++++++++++++++++++++
[   10.248250] cloud-init[654]: ci-info: +--------+------+----------------------------+---------------+--------+-------------------+
[   10.249634] cloud-init[654]: ci-info: | Device |  Up  |          Address           |      Mask     | Scope  |     Hw-Address    |
[   10.250883] cloud-init[654]: ci-info: +--------+------+----------------------------+---------------+--------+-------------------+
[   10.252205] cloud-init[654]: ci-info: | enp0s3 | True |         10.0.2.15          | 255.255.255.0 | global | 02:f3:7b:02:da:50 |
[   10.253075] cloud-init[654]: ci-info: | enp0s3 | True | fe80::f3:7bff:fe02:da50/64 |       .       |  link  | 02:f3:7b:02:da:50 |
[   10.264175] cloud-init[654]: ci-info: |   lo   | True |         127.0.0.1          |   255.0.0.0   |  host  |         .         |
[   10.265637] cloud-init[654]: ci-info: |   lo   | True |          ::1/128           |       .       |  host  |         .         |
[   10.266883] cloud-init[654]: ci-info: +--------+------+----------------------------+---------------+--------+-------------------+
[   10.272250] cloud-init[654]: ci-info: ++++++++++++++++++++++++++++Route IPv4 info+++++++++++++++++++++++++++++
[   10.284188] cloud-init[654]: ci-info: +-------+-------------+----------+-----------------+-----------+-------+
[   10.285249] cloud-init[654]: ci-info: | Route | Destination | Gateway  |     Genmask     | Interface | Flags |
[   10.286279] cloud-init[654]: ci-info: +-------+-------------+----------+-----------------+-----------+-------+
[   10.288133] cloud-init[654]: ci-info: |   0   |   0.0.0.0   | 10.0.2.2 |     0.0.0.0     |   enp0s3  |   UG  |
[   10.289172] cloud-init[654]: ci-info: |   1   |   10.0.2.0  | 0.0.0.0  |  255.255.255.0  |   enp0s3  |   U   |
[   10.290802] cloud-init[654]: ci-info: |   2   |   10.0.2.2  | 0.0.0.0  | 255.255.255.255 |   enp0s3  |   UH  |
[   10.292119] cloud-init[654]: ci-info: +-------+-------------+----------+-----------------+-----------+-------+
[   10.293620] cloud-init[654]: ci-info: +++++++++++++++++++Route IPv6 info+++++++++++++++++++
[   10.304198] cloud-init[654]: ci-info: +-------+-------------+---------+-----------+-------+
[   10.305159] cloud-init[654]: ci-info: | Route | Destination | Gateway | Interface | Flags |
[   10.306111] cloud-init[654]: ci-info: +-------+-------------+---------+-----------+-------+
[   10.307013] cloud-init[654]: ci-info: |   1   |  fe80::/64  |    ::   |   enp0s3  |   U   |
[   10.308019] cloud-init[654]: ci-info: |   3   |    local    |    ::   |   enp0s3  |   U   |
[   10.309145] cloud-init[654]: ci-info: |   4   |   ff00::/8  |    ::   |   enp0s3  |   U   |
[   10.323308] cloud-init[654]: ci-info: +-------+-------------+---------+-----------+-------+
[   11.068283] cloud-init[654]: Generating public/private rsa key pair.
[   11.069118] cloud-init[654]: Your identification has been saved in /etc/ssh/ssh_host_rsa_key.
[   11.070514] cloud-init[654]: Your public key has been saved in /etc/ssh/ssh_host_rsa_key.pub.
[   11.076216] cloud-init[654]: The key fingerprint is:
[   11.077132] cloud-init[654]: SHA256:Y0tCf+HE0fZW3juQatzahaOV/A4X6U6I3prCJjYWFmU root@ubuntu-bionic
[   11.078502] cloud-init[654]: The key's randomart image is:
[   11.079474] cloud-init[654]: +---[RSA 2048]----+
[   11.084361] cloud-init[654]: |          ..     |
[   11.085279] cloud-init[654]: |         E .o   .|
[   11.086326] cloud-init[654]: |      . o +. ..o.|
[   11.087418] cloud-init[654]: |     . o o . oo +|
[   11.088650] cloud-init[654]: |      . S + +.+o.|
[   11.092360] cloud-init[654]: |       * + +.Bo+.|
[   11.093345] cloud-init[654]: |      . + ..=o++.|
[   11.096357] cloud-init[654]: |       = +.oo.=. |
[   11.097211] cloud-init[654]: |      o + .+...o |
[   11.098092] cloud-init[654]: +----[SHA256]-----+
[   11.108379] cloud-init[654]: Generating public/private dsa key pair.
[   11.109951] cloud-init[654]: Your identification has been saved in /etc/ssh/ssh_host_dsa_key.
[   11.128316] cloud-init[654]: Your public key has been saved in /etc/ssh/ssh_host_dsa_key.pub.
[   11.130098] cloud-init[654]: The key fingerprint is:
[   11.132238] cloud-init[654]: SHA256:SkY7yQoKzlZBCsi8V+UsZzPGwNmzpyTvZUgVWSwC6FY root@ubuntu-bionic
[   11.136391] cloud-init[654]: The key's randomart image is:
[   11.140574] cloud-init[654]: +---[DSA 1024]----+
[   11.144448] cloud-init[654]: |=  .oo=. .=.     |
[   11.145517] cloud-init[654]: |ooo. E=+ + .     |
[   11.148368] cloud-init[654]: | .o.o..X= .      |
[   11.152467] cloud-init[654]: | . +.+=*o.       |
[   11.154227] cloud-init[654]: |. +.  % S        |
[   11.156450] cloud-init[654]: |+... + * o       |
[   11.160323] cloud-init[654]: |.+  . o o        |
[   11.161601] cloud-init[654]: |.      .         |
[   11.162814] cloud-init[654]: |                 |
[   11.168283] cloud-init[654]: +----[SHA256]-----+
[   11.169971] cloud-init[654]: Generating public/private ecdsa key pair.
[   11.171550] cloud-init[654]: Your identification has been saved in /etc/ssh/ssh_host_ecdsa_key.
[   11.177613] cloud-init[654]: Your public key has been saved in /etc/ssh/ssh_host_ecdsa_key.pub.
[   11.179599] cloud-init[654]: The key fingerprint is:
[   11.184941] cloud-init[654]: SHA256:38QbPMQqb/j9AYpUi2UdYfV9/xWw8qnwA/8OO+DRIFw root@ubuntu-bionic
[   11.186946] cloud-init[654]: The key's randomart image is:
[   11.192574] cloud-init[654]: +---[ECDSA 256]---+
[   11.193778] cloud-init[654]: |            ++.  |
[   11.195195] cloud-init[654]: |         E + .o..|
[   11.200552] cloud-init[654]: |      . . +.+. .+|
[   11.201841] cloud-init[654]: |       o * *o . +|
[   11.204470] cloud-init[654]: |        So= Bo  o|
[   11.208411] cloud-init[654]: |       . O==.=  o|
[   11.209670] cloud-init[654]: |        + B*o . .|
[   11.216278] cloud-init[654]: |         + o=  . |
[   11.217604] cloud-init[654]: |          ..++.  |
[   11.219124] cloud-init[654]: +----[SHA256]-----+
[   11.225288] cloud-init[654]: Generating public/private ed25519 key pair.
[   11.226958] cloud-init[654]: Your identification has been saved in /etc/ssh/ssh_host_ed25519_key.
[   11.232651] cloud-init[654]: Your public key has been saved in /etc/ssh/ssh_host_ed25519_key.pub.
[   11.237170] cloud-init[654]: The key fingerprint is:
[   11.240343] cloud-init[654]: SHA256:xb5q5mwdiTC5sQnq8VuPRt5e8K+SDeroVgVqzwNFO+k root@ubuntu-bionic
[   11.244423] cloud-init[654]: The key's randomart image is:
[   11.248370] cloud-init[654]: +--[ED25519 256]--+
[   11.252469] cloud-init[654]: |     ..          |
[   11.254306] cloud-init[654]: |      oo .       |
[   11.260565] cloud-init[654]: |     o+o  o      |
[   11.261937] cloud-init[654]: |    =.=..o       |
[   11.263288] cloud-init[654]: |   o =EOS...     |
[   11.268735] cloud-init[654]: |  o   X ooo.     |
[   11.270355] cloud-init[654]: | . o +.+ =+.     |
[   11.276382] cloud-init[654]: |  . oo++Boo.     |
[   11.277759] cloud-init[654]: |   o++o**....    |
[   11.279245] cloud-init[654]: +----[SHA256]-----+
[[0;32m  OK  [0m] Started Initial cloud-init job (metadata service crawler).
[[0;32m  OK  [0m] Reached target Cloud-config availability.
[[0;32m  OK  [0m] Reached target Network is Online.
         Starting Availability of block devices...
[[0;32m  OK  [0m] Reached target Remote File Systems (Pre).
[[0;32m  OK  [0m] Reached target Remote File Systems.
[[0;32m  OK  [0m] Reached target System Initialization.
[[0;32m  OK  [0m] Listening on Open-iSCSI iscsid Socket.
[[0;32m  OK  [0m] Started Discard unused blocks once a week.
[[0;32m  OK  [0m] Listening on D-Bus System Message Bus Socket.
[[0;32m  OK  [0m] Started Daily apt download activities.
[[0;32m  OK  [0m] Listening on ACPID Listen Socket.
[[0;32m  OK  [0m] Started Message of the Day.
         Starting Socket activation for snappy daemon.
[[0;32m  OK  [0m] Started Daily Cleanup of Temporary Directories.
[[0;32m  OK  [0m] Listening on UUID daemon activation socket.
[[0;32m  OK  [0m] Started ACPI Events Check.
[[0;32m  OK  [0m] Reached target Paths.
         Starting LXD - unix socket.
[[0;32m  OK  [0m] Started Daily apt upgrade and clean activities.
[[0;32m  OK  [0m] Reached target Timers.
[[0;32m  OK  [0m] Started Availability of block devices.
[[0;32m  OK  [0m] Listening on Socket activation for snappy daemon.
[[0;32m  OK  [0m] Listening on LXD - unix socket.
[[0;32m  OK  [0m] Reached target Sockets.
[[0;32m  OK  [0m] Reached target Basic System.
         Starting LXD - container startup/shutdown...
[[0;32m  OK  [0m] Started Deferred execution scheduler.
         Starting System Logging Service...
[[0;32m  OK  [0m] Started Regular background program processing daemon.
         Starting LSB: Record successful boot for GRUB...
[[0;32m  OK  [0m] Started irqbalance daemon.
         Starting Dispatcher daemon for systemd-networkd...
[[0;32m  OK  [0m] Started FUSE filesystem for LXC.
         Starting Login Service...
         Starting LSB: automatic crash report generation...
[[0;32m  OK  [0m] Started D-Bus System Message Bus.
         Starting Permit User Sessions...
         Starting Virtualbox guest utils...
         Starting Pollinate to seed the pseudo random number generator...
         Starting Accounts Service...
         Starting Snap Daemon...
[[0;32m  OK  [0m] Started System Logging Service.
[[0;32m  OK  [0m] Started LXD - container startup/shutdown.
[[0;32m  OK  [0m] Started Permit User Sessions.
[[0;32m  OK  [0m] Started Login Service.
[[0;32m  OK  [0m] Started Unattended Upgrades Shutdown.
         Starting Terminate Plymouth Boot Screen...
         Starting Hold until boot process finishes up...
[[0;32m  OK  [0m] Started Hold until boot process finishes up.
[[0;32m  OK  [0m] Started Serial Getty on ttyS0.
         Starting Set console scheme...
[[0;32m  OK  [0m] Started Terminate Plymouth Boot Screen.
[[0;32m  OK  [0m] Started Set console scheme.
[[0;32m  OK  [0m] Created slice system-getty.slice.
[[0;32m  OK  [0m] Started Getty on tty1.
[[0;32m  OK  [0m] Reached target Login Prompts.
         Starting Authorization Manager...
[[0;32m  OK  [0m] Started LSB: automatic crash report generation.
[[0;32m  OK  [0m] Started LSB: Record successful boot for GRUB.
[[0;32m  OK  [0m] Started Authorization Manager.
[[0;32m  OK  [0m] Started Accounts Service.
[[0;32m  OK  [0m] Started Virtualbox guest utils.
[[0;32m  OK  [0m] Started Dispatcher daemon for systemd-networkd.
[[0;32m  OK  [0m] Started Snap Daemon.
         Starting Wait until snapd is fully seeded...
[[0;32m  OK  [0m] Started Pollinate to seed the pseudo random number generator.
         Starting OpenBSD Secure Shell server...
[[0;32m  OK  [0m] Started OpenBSD Secure Shell server.
[[0;32m  OK  [0m] Created slice User Slice of vagrant.
         Starting User Manager for UID 1000...
[[0;32m  OK  [0m] Started Session 1 of user vagrant.
[[0;32m  OK  [0m] Started User Manager for UID 1000.
[[0;32m  OK  [0m] Started Wait until snapd is fully seeded.
         Starting Apply the settings specified in cloud-config...
[[0;32m  OK  [0m] Reached target Multi-User System.
[[0;32m  OK  [0m] Reached target Graphical Interface.
         Starting Update UTMP about System Runlevel Changes...
[[0;32m  OK  [0m] Started Update UTMP about System Runlevel Changes.

Ubuntu 18.04.5 LTS ubuntu-bionic ttyS0

ubuntu-bionic login: [   17.988504] cloud-init[1137]: Cloud-init v. 21.1-19-gbad84ad4-0ubuntu1~18.04.1 running 'modules:config' at Tue, 27 Apr 2021 19:20:33 +0000. Up 17.22 seconds.
ci-info: no authorized SSH keys fingerprints found for user ubuntu.
<14>Apr 27 19:20:35 ec2: 
<14>Apr 27 19:20:35 ec2: #############################################################
<14>Apr 27 19:20:35 ec2: -----BEGIN SSH HOST KEY FINGERPRINTS-----
<14>Apr 27 19:20:35 ec2: 1024 SHA256:SkY7yQoKzlZBCsi8V+UsZzPGwNmzpyTvZUgVWSwC6FY root@ubuntu-bionic (DSA)
<14>Apr 27 19:20:35 ec2: 256 SHA256:38QbPMQqb/j9AYpUi2UdYfV9/xWw8qnwA/8OO+DRIFw root@ubuntu-bionic (ECDSA)
<14>Apr 27 19:20:35 ec2: 256 SHA256:xb5q5mwdiTC5sQnq8VuPRt5e8K+SDeroVgVqzwNFO+k root@ubuntu-bionic (ED25519)
<14>Apr 27 19:20:35 ec2: 2048 SHA256:Y0tCf+HE0fZW3juQatzahaOV/A4X6U6I3prCJjYWFmU root@ubuntu-bionic (RSA)
<14>Apr 27 19:20:35 ec2: -----END SSH HOST KEY FINGERPRINTS-----
<14>Apr 27 19:20:35 ec2: #############################################################
-----BEGIN SSH HOST KEY KEYS-----
ecdsa-sha2-nistp256 AAAAE2VjZHNhLXNoYTItbmlzdHAyNTYAAAAIbmlzdHAyNTYAAABBBAEBZ/xOSSV6OPNRUQ1s/1aFhkWmWrismvaywIolHHoPweqjcnyqelFl+r9GP8IBiTCEj+Yag2pN86PRSJfu5zw= root@ubuntu-bionic
ssh-ed25519 AAAAC3NzaC1lZDI1NTE5AAAAIOQ/DdimtWUEUlxhstLqkEA3+h92dGezngU/VpRBIdUh root@ubuntu-bionic
ssh-rsa AAAAB3NzaC1yc2EAAAADAQABAAABAQDzNL4LjMH7WFN7zaW1VWEq76o2jJTn7Mn6yI/9UVzNpJWaXF0kbToiw6bEImUZLi/RqNC2zAGKEi+7IUkgamzh4qT57Z2kwuiiZfgIbqOB0sf7lUIc5k6FBk8qwZw5ZiBl+UDBPvAfSFWnuclhQQLAyJCYgcHkZlvWxEzJwAPZBT5O6ub7XTQDVigInILzXTvH9Jqu+Kxx79X06IkA801qf5qCCUivTNCSyvXYDxWXBFzaXhQQLRpXRACdrnFiyIt+jR99C/RAabEcsSVRM7Kh+QMacdpbxvMpdO8MQWYjwqhTBLaOaEROCzz1KpOXH4o0cyyLaJVLr+Yi2LMjjrYf root@ubuntu-bionic
-----END SSH HOST KEY KEYS-----
[   18.961128] cloud-init[1305]: Cloud-init v. 21.1-19-gbad84ad4-0ubuntu1~18.04.1 running 'modules:final' at Tue, 27 Apr 2021 19:20:35 +0000. Up 18.76 seconds.
[   18.963134] cloud-init[1305]: ci-info: no authorized SSH keys fingerprints found for user ubuntu.
[   18.968376] cloud-init[1305]: Cloud-init v. 21.1-19-gbad84ad4-0ubuntu1~18.04.1 finished at Tue, 27 Apr 2021 19:20:35 +0000. Datasource DataSourceNoCloud [seed=/dev/sdb][dsmode=net].  Up 18.95 seconds
